0 info it worked if it ends with ok
1 verbose cli [ '/usr/local/bin/node',
1 verbose cli   '/usr/local/bin/npm',
1 verbose cli   'i',
1 verbose cli   '-g',
1 verbose cli   'phonegap' ]
2 info using npm@2.15.5
3 info using node@v4.4.5
4 verbose install initial load of /usr/local/lib/package.json
5 verbose readDependencies loading dependencies from /usr/local/lib/package.json
6 silly cache add args [ 'phonegap', null ]
7 verbose cache add spec phonegap
8 silly cache add parsed spec Result {
8 silly cache add   raw: 'phonegap',
8 silly cache add   scope: null,
8 silly cache add   name: 'phonegap',
8 silly cache add   rawSpec: '',
8 silly cache add   spec: 'latest',
8 silly cache add   type: 'tag' }
9 silly addNamed phonegap@latest
10 verbose addNamed "latest" is being treated as a dist-tag for phonegap
11 info addNameTag [ 'phonegap', 'latest' ]
12 silly mapToRegistry name phonegap
13 silly mapToRegistry using default registry
14 silly mapToRegistry registry https://registry.npmjs.org/
15 silly mapToRegistry data Result {
15 silly mapToRegistry   raw: 'phonegap',
15 silly mapToRegistry   scope: null,
15 silly mapToRegistry   name: 'phonegap',
15 silly mapToRegistry   rawSpec: '',
15 silly mapToRegistry   spec: 'latest',
15 silly mapToRegistry   type: 'tag' }
16 silly mapToRegistry uri https://registry.npmjs.org/phonegap
17 verbose addNameTag registry:https://registry.npmjs.org/phonegap not in flight; fetching
18 verbose request uri https://registry.npmjs.org/phonegap
19 verbose request no auth needed
20 info attempt registry request try #1 at 9:46:54 PM
21 verbose request id 9fe1da92bd9f6e64
22 verbose etag "1UGCCCUQGFSKOJFEWG4526MRZ"
23 http request GET https://registry.npmjs.org/phonegap
24 http 200 https://registry.npmjs.org/phonegap
25 verbose headers { server: 'CouchDB/1.5.0 (Erlang OTP/R16B03)',
25 verbose headers   etag: '"EWO4FRV0L1RDO2MPV7PEQ9W7V"',
25 verbose headers   'content-type': 'application/json',
25 verbose headers   'content-encoding': 'gzip',
25 verbose headers   'cache-control': 'max-age=300',
25 verbose headers   'content-length': '28347',
25 verbose headers   'accept-ranges': 'bytes',
25 verbose headers   date: 'Fri, 24 Jun 2016 04:46:54 GMT',
25 verbose headers   via: '1.1 varnish',
25 verbose headers   age: '157',
25 verbose headers   connection: 'keep-alive',
25 verbose headers   'x-served-by': 'cache-lax1426-LAX',
25 verbose headers   'x-cache': 'HIT',
25 verbose headers   'x-cache-hits': '1',
25 verbose headers   'x-timer': 'S1466743614.772077,VS0,VE0',
25 verbose headers   vary: 'Accept-Encoding' }
26 silly get cb [ 200,
26 silly get   { server: 'CouchDB/1.5.0 (Erlang OTP/R16B03)',
26 silly get     etag: '"EWO4FRV0L1RDO2MPV7PEQ9W7V"',
26 silly get     'content-type': 'application/json',
26 silly get     'content-encoding': 'gzip',
26 silly get     'cache-control': 'max-age=300',
26 silly get     'content-length': '28347',
26 silly get     'accept-ranges': 'bytes',
26 silly get     date: 'Fri, 24 Jun 2016 04:46:54 GMT',
26 silly get     via: '1.1 varnish',
26 silly get     age: '157',
26 silly get     connection: 'keep-alive',
26 silly get     'x-served-by': 'cache-lax1426-LAX',
26 silly get     'x-cache': 'HIT',
26 silly get     'x-cache-hits': '1',
26 silly get     'x-timer': 'S1466743614.772077,VS0,VE0',
26 silly get     vary: 'Accept-Encoding' } ]
27 verbose get saving phonegap to /Users/pankajsingh/.npm/registry.npmjs.org/phonegap/.cache.json
28 verbose correctMkdir /Users/pankajsingh/.npm correctMkdir not in flight; initializing
29 silly addNameTag next cb for phonegap with tag latest
30 silly addNamed phonegap@6.2.9
31 verbose addNamed "6.2.9" is a plain semver version for phonegap
32 silly mapToRegistry name phonegap
33 silly mapToRegistry using default registry
34 silly mapToRegistry registry https://registry.npmjs.org/
35 silly mapToRegistry data Result {
35 silly mapToRegistry   raw: 'phonegap',
35 silly mapToRegistry   scope: null,
35 silly mapToRegistry   name: 'phonegap',
35 silly mapToRegistry   rawSpec: '',
35 silly mapToRegistry   spec: 'latest',
35 silly mapToRegistry   type: 'tag' }
36 silly mapToRegistry uri https://registry.npmjs.org/phonegap
37 verbose addRemoteTarball https://registry.npmjs.org/phonegap/-/phonegap-6.2.9.tgz not in flight; adding
38 verbose addRemoteTarball [ 'https://registry.npmjs.org/phonegap/-/phonegap-6.2.9.tgz',
38 verbose addRemoteTarball   'c235591e84de39124d9db4da24d5e9a4181d3a31' ]
39 info retry fetch attempt 1 at 9:46:54 PM
40 info attempt registry request try #1 at 9:46:54 PM
41 http fetch GET https://registry.npmjs.org/phonegap/-/phonegap-6.2.9.tgz
42 http fetch 200 https://registry.npmjs.org/phonegap/-/phonegap-6.2.9.tgz
43 silly fetchAndShaCheck shasum c235591e84de39124d9db4da24d5e9a4181d3a31
44 verbose addTmpTarball /var/folders/sc/x9dz_2117p138h658b2ffntr0000gn/T/npm-18592-64160268/registry.npmjs.org/phonegap/-/phonegap-6.2.9.tgz not in flight; adding
45 verbose addTmpTarball already have metadata; skipping unpack for phonegap@6.2.9
46 verbose correctMkdir /Users/pankajsingh/.npm correctMkdir not in flight; initializing
47 silly cache afterAdd phonegap@6.2.9
48 verbose afterAdd /Users/pankajsingh/.npm/phonegap/6.2.9/package/package.json not in flight; writing
49 verbose correctMkdir /Users/pankajsingh/.npm correctMkdir not in flight; initializing
50 verbose afterAdd /Users/pankajsingh/.npm/phonegap/6.2.9/package/package.json written
51 silly install resolved [ { name: 'phonegap',
51 silly install resolved     description: 'PhoneGap command-line interface and node.js library.',
51 silly install resolved     version: '6.2.9',
51 silly install resolved     homepage: 'http://github.com/phonegap/phonegap-cli',
51 silly install resolved     repository:
51 silly install resolved      { type: 'git',
51 silly install resolved        url: 'git://github.com/phonegap/phonegap-cli.git' },
51 silly install resolved     keywords:
51 silly install resolved      [ 'cli',
51 silly install resolved        'cordova',
51 silly install resolved        'phonegap',
51 silly install resolved        'phonegap build',
51 silly install resolved        'phonegap/build' ],
51 silly install resolved     preferGlobal: 'true',
51 silly install resolved     main: './lib/main.js',
51 silly install resolved     bin: { phonegap: './bin/phonegap.js' },
51 silly install resolved     scripts: { test: 'node node_modules/jasmine-node/bin/jasmine-node --color spec' },
51 silly install resolved     engineStrict: 'true',
51 silly install resolved     engines: { node: '>=0.10.0' },
51 silly install resolved     dependencies:
51 silly install resolved      { colors: '0.6.0-1',
51 silly install resolved        'connect-phonegap': '0.21.7',
51 silly install resolved        cordova: '6.1.1',
51 silly install resolved        insight: '0.8.2',
51 silly install resolved        minimist: '0.1.0',
51 silly install resolved        opener: '1.4.1',
51 silly install resolved        'phonegap-build': '0.10.0',
51 silly install resolved        pluralize: '0.0.4',
51 silly install resolved        prompt: '0.2.11',
51 silly install resolved        'qrcode-terminal': '0.9.4',
51 silly install resolved        semver: '1.1.0',
51 silly install resolved        shelljs: '0.1.4',
51 silly install resolved        'update-notifier': '^0.6.0' },
51 silly install resolved     devDependencies: { 'jasmine-node': '1.14.5', chdir: '0.0.x' },
51 silly install resolved     optionalDependencies: {},
51 silly install resolved     contributors:
51 silly install resolved      [ [Object],
51 silly install resolved        [Object],
51 silly install resolved        [Object],
51 silly install resolved        [Object],
51 silly install resolved        [Object],
51 silly install resolved        [Object],
51 silly install resolved        [Object] ],
51 silly install resolved     templates:
51 silly install resolved      { blank: [Object],
51 silly install resolved        'hello-world': [Object],
51 silly install resolved        framework7: [Object],
51 silly install resolved        push: [Object],
51 silly install resolved        'react-hot-loader': [Object],
51 silly install resolved        'star-track': [Object],
51 silly install resolved        'wikitude-augmented-reality': [Object] },
51 silly install resolved     gitHead: '1f2406f8edc9f76b79c6518a65c0b778ff870f8b',
51 silly install resolved     bugs: { url: 'https://github.com/phonegap/phonegap-cli/issues' },
51 silly install resolved     _id: 'phonegap@6.2.9',
51 silly install resolved     _shasum: 'c235591e84de39124d9db4da24d5e9a4181d3a31',
51 silly install resolved     _from: 'phonegap@latest',
51 silly install resolved     _npmVersion: '3.7.3',
51 silly install resolved     _nodeVersion: '5.8.0',
51 silly install resolved     _npmUser: { name: 'surajpindoria', email: 'suraj.pindoria@yahoo.com' },
51 silly install resolved     dist:
51 silly install resolved      { shasum: 'c235591e84de39124d9db4da24d5e9a4181d3a31',
51 silly install resolved        tarball: 'https://registry.npmjs.org/phonegap/-/phonegap-6.2.9.tgz' },
51 silly install resolved     maintainers:
51 silly install resolved      [ [Object],
51 silly install resolved        [Object],
51 silly install resolved        [Object],
51 silly install resolved        [Object],
51 silly install resolved        [Object],
51 silly install resolved        [Object],
51 silly install resolved        [Object] ],
51 silly install resolved     _npmOperationalInternal:
51 silly install resolved      { host: 'packages-16-east.internal.npmjs.com',
51 silly install resolved        tmp: 'tmp/phonegap-6.2.9.tgz_1466634441281_0.4454672147985548' },
51 silly install resolved     directories: {},
51 silly install resolved     _resolved: 'https://registry.npmjs.org/phonegap/-/phonegap-6.2.9.tgz' } ]
52 info install phonegap@6.2.9 into /usr/local/lib
53 info installOne phonegap@6.2.9
54 verbose installOne of phonegap to /usr/local/lib not in flight; installing
55 verbose correctMkdir /Users/pankajsingh/.npm/_locks correctMkdir not in flight; initializing
56 verbose lock using /Users/pankajsingh/.npm/_locks/phonegap-e2bb9ce47409f16e.lock for /usr/local/lib/node_modules/phonegap
57 silly install write writing phonegap 6.2.9 to /usr/local/lib/node_modules/phonegap
58 verbose unbuild lib/node_modules/phonegap
59 info preuninstall phonegap@6.2.7
60 info uninstall phonegap@6.2.7
61 verbose unbuild rmStuff phonegap@6.2.7 from /usr/local/lib/node_modules
62 silly gentlyRm /usr/local/bin/phonegap is being gently removed
63 silly gentlyRm verifying /usr/local is an npm working directory
64 silly gentlyRm containing path /usr/local is under npm's control, in /usr/local
65 silly gentlyRm deletion target /usr/local/bin/phonegap is under /usr/local
66 verbose gentlyRm vacuuming from /usr/local/bin/phonegap up to /usr/local
67 silly vacuum-fs removing /usr/local/bin/phonegap
68 silly vacuum-fs quitting because other entries in /usr/local/bin
69 info postuninstall phonegap@6.2.7
70 silly gentlyRm /usr/local/lib/node_modules/phonegap is being purged from base /usr/local
71 verbose gentlyRm don't care about contents; nuking /usr/local/lib/node_modules/phonegap
72 silly vacuum-fs purging /usr/local/lib/node_modules/phonegap
73 verbose unlock done using /Users/pankajsingh/.npm/_locks/phonegap-e2bb9ce47409f16e.lock for /usr/local/lib/node_modules/phonegap
74 verbose stack Error: EACCES: permission denied, rmdir '/usr/local/lib/node_modules/phonegap'
74 verbose stack     at Error (native)
75 verbose cwd /Users/pankajsingh/education/AppProjectDemos/phoneGap/workspace/examples
76 error Darwin 15.5.0
77 error argv "/usr/local/bin/node" "/usr/local/bin/npm" "i" "-g" "phonegap"
78 error node v4.4.5
79 error npm  v2.15.5
80 error path /usr/local/lib/node_modules/phonegap
81 error code EACCES
82 error errno -13
83 error syscall rmdir
84 error Error: EACCES: permission denied, rmdir '/usr/local/lib/node_modules/phonegap'
84 error     at Error (native)
84 error  { [Error: EACCES: permission denied, rmdir '/usr/local/lib/node_modules/phonegap']
84 error   errno: -13,
84 error   code: 'EACCES',
84 error   syscall: 'rmdir',
84 error   path: '/usr/local/lib/node_modules/phonegap' }
85 error Please try running this command again as root/Administrator.
86 verbose exit [ -13, true ]
87 verbose unbuild lib/node_modules/phonegap
88 info preuninstall phonegap@6.2.7
89 info uninstall phonegap@6.2.7
90 verbose unbuild rmStuff phonegap@6.2.7 from /usr/local/lib/node_modules
91 silly gentlyRm /usr/local/bin/phonegap is being gently removed
92 silly gentlyRm verifying /usr/local is an npm working directory
93 silly gentlyRm containing path /usr/local is under npm's control, in /usr/local
94 silly gentlyRm deletion target /usr/local/bin/phonegap is under /usr/local
95 verbose gentlyRm vacuuming from /usr/local/bin/phonegap up to /usr/local
96 info postuninstall phonegap@6.2.7
97 silly gentlyRm /usr/local/lib/node_modules/phonegap is being purged from base /usr/local
98 verbose gentlyRm don't care about contents; nuking /usr/local/lib/node_modules/phonegap
99 silly vacuum-fs purging /usr/local/lib/node_modules/phonegap
100 error error rolling back Error: EACCES: permission denied, rmdir '/usr/local/lib/node_modules/phonegap'
100 error error rolling back     at Error (native)
100 error error rolling back  { [Error: EACCES: permission denied, rmdir '/usr/local/lib/node_modules/phonegap']
100 error error rolling back   errno: -13,
100 error error rolling back   code: 'EACCES',
100 error error rolling back   syscall: 'rmdir',
100 error error rolling back   path: '/usr/local/lib/node_modules/phonegap' }
